c:\users\user\documents\visual studio 2015\projects\platformgame\candlelight_engine\debug\candlelight_engine.pdb
c:\users\user\documents\visual studio 2015\projects\platformgame\candlelight_engine\debug\candlelight_engine.idb
c:\users\user\documents\visual studio 2015\projects\platformgame\candlelight_engine\debug\button.obj
c:\users\user\documents\visual studio 2015\projects\platformgame\candlelight_engine\debug\camera.obj
c:\users\user\documents\visual studio 2015\projects\platformgame\candlelight_engine\debug\gui.obj
c:\users\user\documents\visual studio 2015\projects\platformgame\candlelight_engine\debug\inputmanager.obj
c:\users\user\documents\visual studio 2015\projects\platformgame\candlelight_engine\debug\loader.obj
c:\users\user\documents\visual studio 2015\projects\platformgame\candlelight_engine\debug\picopng.obj
c:\users\user\documents\visual studio 2015\projects\platformgame\candlelight_engine\debug\renderer.obj
c:\users\user\documents\visual studio 2015\projects\platformgame\candlelight_engine\debug\resourcemanager.obj
c:\users\user\documents\visual studio 2015\projects\platformgame\candlelight_engine\debug\shaderprogram.obj
c:\users\user\documents\visual studio 2015\projects\platformgame\candlelight_engine\debug\spritebatch.obj
c:\users\user\documents\visual studio 2015\projects\platformgame\candlelight_engine\debug\timing.obj
c:\users\user\documents\visual studio 2015\projects\platformgame\candlelight_engine\debug\window.obj
c:\users\user\documents\visual studio 2015\projects\platformgame\debug\candlelight_engine.lib
c:\users\user\documents\visual studio 2015\projects\platformgame\debug\candlelight_engine.pdb
c:\users\user\documents\visual studio 2015\projects\platformgame\candlelight_engine\debug\candleli.faad4ac6.tlog\cl.command.1.tlog
c:\users\user\documents\visual studio 2015\projects\platformgame\candlelight_engine\debug\candleli.faad4ac6.tlog\cl.read.1.tlog
c:\users\user\documents\visual studio 2015\projects\platformgame\candlelight_engine\debug\candleli.faad4ac6.tlog\cl.write.1.tlog
c:\users\user\documents\visual studio 2015\projects\platformgame\candlelight_engine\debug\candleli.faad4ac6.tlog\lib-link.read.1.tlog
c:\users\user\documents\visual studio 2015\projects\platformgame\candlelight_engine\debug\candleli.faad4ac6.tlog\lib-link.write.1.tlog
c:\users\user\documents\visual studio 2015\projects\platformgame\candlelight_engine\debug\candleli.faad4ac6.tlog\lib.command.1.tlog
