  Player.cpp
  MainGame.cpp
c:\users\user\documents\visual studio 2015\projects\platformgame\platformgame\box.h(11): warning C4067: unexpected tokens following preprocessor directive - expected a newline
c:\users\user\documents\visual studio 2015\projects\platformgame\platformgame\maingame.cpp(79): warning C4018: '<': signed/unsigned mismatch
c:\users\user\documents\visual studio 2015\projects\platformgame\platformgame\maingame.cpp(105): warning C4018: '<': signed/unsigned mismatch
c:\users\user\documents\visual studio 2015\projects\platformgame\platformgame\maingame.cpp(110): warning C4018: '<': signed/unsigned mismatch
c:\users\user\documents\visual studio 2015\projects\platformgame\platformgame\maingame.cpp(131): warning C4018: '<': signed/unsigned mismatch
c:\users\user\documents\visual studio 2015\projects\platformgame\platformgame\maingame.cpp(160): warning C4018: '<': signed/unsigned mismatch
c:\users\user\documents\visual studio 2015\projects\platformgame\platformgame\maingame.cpp(169): warning C4018: '<': signed/unsigned mismatch
c:\users\user\documents\visual studio 2015\projects\platformgame\platformgame\maingame.cpp(172): warning C4018: '<': signed/unsigned mismatch
c:\users\user\documents\visual studio 2015\projects\platformgame\platformgame\maingame.cpp(175): warning C4018: '<': signed/unsigned mismatch
c:\users\user\documents\visual studio 2015\projects\platformgame\platformgame\maingame.cpp(184): warning C4018: '<': signed/unsigned mismatch
  Generating Code...
  Compiling...
  main.cpp
c:\users\user\documents\visual studio 2015\projects\platformgame\platformgame\box.h(11): warning C4067: unexpected tokens following preprocessor directive - expected a newline
  Weapon.cpp
  Level.cpp
c:\users\user\documents\visual studio 2015\projects\platformgame\platformgame\box.h(11): warning C4067: unexpected tokens following preprocessor directive - expected a newline
c:\users\user\documents\visual studio 2015\projects\platformgame\platformgame\level.cpp(135): warning C4018: '<': signed/unsigned mismatch
c:\users\user\documents\visual studio 2015\projects\platformgame\platformgame\level.cpp(136): warning C4018: '<': signed/unsigned mismatch
  Human.cpp
  Bullet.cpp
  Agent.cpp
  AK47.cpp
  Generating Code...
c:\users\user\documents\visual studio 2015\projects\platformgame\platformgame\box.h(23): warning C4172: returning address of local variable or temporary
  Skipping... (no relevant changes detected)
  StaticShader.cpp
  PlatformGame.vcxproj -> C:\Users\user\documents\visual studio 2015\Projects\PlatformGame\Debug\PlatformGame.exe
