c:\users\cjshore12\documents\visual studio 2015\projects\platformgame\platformgame\debug\vc140.pdb
c:\users\cjshore12\documents\visual studio 2015\projects\platformgame\platformgame\debug\vc140.idb
c:\users\cjshore12\documents\visual studio 2015\projects\platformgame\platformgame\debug\agent.obj
c:\users\cjshore12\documents\visual studio 2015\projects\platformgame\platformgame\debug\ak47.obj
c:\users\cjshore12\documents\visual studio 2015\projects\platformgame\platformgame\debug\bullet.obj
c:\users\cjshore12\documents\visual studio 2015\projects\platformgame\platformgame\debug\human.obj
c:\users\cjshore12\documents\visual studio 2015\projects\platformgame\platformgame\debug\box.obj
c:\users\cjshore12\documents\visual studio 2015\projects\platformgame\platformgame\debug\main.obj
c:\users\cjshore12\documents\visual studio 2015\projects\platformgame\platformgame\debug\maingame.obj
c:\users\cjshore12\documents\visual studio 2015\projects\platformgame\platformgame\debug\player.obj
c:\users\cjshore12\documents\visual studio 2015\projects\platformgame\platformgame\debug\staticshader.obj
c:\users\cjshore12\documents\visual studio 2015\projects\platformgame\platformgame\debug\weapon.obj
c:\users\cjshore12\documents\visual studio 2015\projects\platformgame\platformgame\debug\level.obj
c:\users\cjshore12\documents\visual studio 2015\projects\platformgame\debug\platformgame.pdb
c:\users\cjshore12\documents\visual studio 2015\projects\platformgame\debug\platformgame.exe
c:\users\cjshore12\documents\visual studio 2015\projects\platformgame\debug\platformgame.ilk
c:\users\cjshore12\documents\visual studio 2015\projects\platformgame\platformgame\debug\platformgame.tlog\cl.command.1.tlog
c:\users\cjshore12\documents\visual studio 2015\projects\platformgame\platformgame\debug\platformgame.tlog\cl.read.1.tlog
c:\users\cjshore12\documents\visual studio 2015\projects\platformgame\platformgame\debug\platformgame.tlog\cl.write.1.tlog
c:\users\cjshore12\documents\visual studio 2015\projects\platformgame\platformgame\debug\platformgame.tlog\link.command.1.tlog
c:\users\cjshore12\documents\visual studio 2015\projects\platformgame\platformgame\debug\platformgame.tlog\link.read.1.tlog
c:\users\cjshore12\documents\visual studio 2015\projects\platformgame\platformgame\debug\platformgame.tlog\link.write.1.tlog
